\BOOKMARK [0][-]{Doc-Start}{Title}{}% 1
\BOOKMARK [0][-]{chapter*.1}{Contents}{}% 2
\BOOKMARK [0][-]{chapter*.2}{List of Figures}{}% 3
\BOOKMARK [0][-]{chapter*.3}{List of Tables}{}% 4
\BOOKMARK [0][-]{chapter*.4}{List of Algorithms}{}% 5
\BOOKMARK [0][-]{chapter*.5}{Document Preparation and Updates}{}% 6
\BOOKMARK [0][-]{chapter.1}{Fractals - Text Chapter 7}{}% 7
\BOOKMARK [1][-]{section.1.1}{Problem 10}{chapter.1}% 8
\BOOKMARK [1][-]{section.1.2}{Problem 15}{chapter.1}% 9
\BOOKMARK [1][-]{section.1.3}{ Problem 21 }{chapter.1}% 10
\BOOKMARK [0][-]{chapter.2}{Cellular Automata - Chapter 7}{}% 11
\BOOKMARK [1][-]{section.2.1}{Problem: Slides 1}{chapter.2}% 12
\BOOKMARK [1][-]{section.2.2}{Problem: Slides 2}{chapter.2}% 13
\BOOKMARK [0][-]{chapter.3}{ALife - Text Chapter 8}{}% 14
\BOOKMARK [1][-]{section.3.1}{ Problem 3 }{chapter.3}% 15
\BOOKMARK [1][-]{section.3.2}{ Problem 4 }{chapter.3}% 16
\BOOKMARK [0][-]{chapter.4}{DNA Computing - Text Chapter 9}{}% 17
\BOOKMARK [1][-]{section.4.1}{ Problem 1 }{chapter.4}% 18
\BOOKMARK [1][-]{section.4.2}{ Problem 2 }{chapter.4}% 19
\BOOKMARK [1][-]{section.4.3}{ Problem 5 }{chapter.4}% 20
\BOOKMARK [0][-]{section.4.3}{Bibliography}{}% 21
\BOOKMARK [0][-]{appendix.A}{Supporting Materials}{}% 22
\BOOKMARK [0][-]{appendix.B}{Code}{}% 23
