2001.07.30 10:51 B E:\starlogo\images\advcommands.gif <-- media lab /tmp_mnt/mas/disks/cube6/el/www/Projects/starlogo/images advcommands.gif
2001.07.30 10:51 B E:\starlogo\images\arrowbreedcommands.gif <-- media lab /tmp_mnt/mas/disks/cube6/el/www/Projects/starlogo/images arrowbreedcommands.gif
2001.07.30 10:51 B E:\starlogo\images\arrowcolorcommands.gif <-- media lab /tmp_mnt/mas/disks/cube6/el/www/Projects/starlogo/images arrowcolorcommands.gif
2001.07.30 10:51 B E:\starlogo\images\arrowcommands_patches.gif <-- media lab /tmp_mnt/mas/disks/cube6/el/www/Projects/starlogo/images arrowcommands_patches.gif
2001.07.30 10:51 B E:\starlogo\images\arrowcommands_turtles.gif <-- media lab /tmp_mnt/mas/disks/cube6/el/www/Projects/starlogo/images arrowcommands_turtles.gif
2001.07.30 10:51 B E:\starlogo\images\arrowcontrolflow.gif <-- media lab /tmp_mnt/mas/disks/cube6/el/www/Projects/starlogo/images arrowcontrolflow.gif
2001.07.30 10:51 B E:\starlogo\images\arrowdatatypes.gif <-- media lab /tmp_mnt/mas/disks/cube6/el/www/Projects/starlogo/images arrowdatatypes.gif
2001.07.30 10:51 B E:\starlogo\images\arrowdisplaycommands.gif <-- media lab /tmp_mnt/mas/disks/cube6/el/www/Projects/starlogo/images arrowdisplaycommands.gif
2001.07.30 10:51 B E:\starlogo\images\arrowfiles.gif <-- media lab /tmp_mnt/mas/disks/cube6/el/www/Projects/starlogo/images arrowfiles.gif
2001.07.30 10:51 B E:\starlogo\images\arrowlistcommands.gif <-- media lab /tmp_mnt/mas/disks/cube6/el/www/Projects/starlogo/images arrowlistcommands.gif
2001.07.30 10:51 B E:\starlogo\images\arrowmathcommands.gif <-- media lab /tmp_mnt/mas/disks/cube6/el/www/Projects/starlogo/images arrowmathcommands.gif
2001.07.30 10:51 B E:\starlogo\images\arrowplottingcommands.gif <-- media lab /tmp_mnt/mas/disks/cube6/el/www/Projects/starlogo/images arrowplottingcommands.gif
2001.07.30 10:51 B E:\starlogo\images\arrowvariables.gif <-- media lab /tmp_mnt/mas/disks/cube6/el/www/Projects/starlogo/images arrowvariables.gif
2001.07.30 10:51 B E:\starlogo\images\BackToTop.gif <-- media lab /tmp_mnt/mas/disks/cube6/el/www/Projects/starlogo/images BackToTop.gif
2001.07.30 10:51 B E:\starlogo\images\breedcommands.gif <-- media lab /tmp_mnt/mas/disks/cube6/el/www/Projects/starlogo/images breedcommands.gif
2001.07.30 10:51 B E:\starlogo\images\colorcommands.gif <-- media lab /tmp_mnt/mas/disks/cube6/el/www/Projects/starlogo/images colorcommands.gif
2001.07.30 10:51 B E:\starlogo\images\commands_patches.gif <-- media lab /tmp_mnt/mas/disks/cube6/el/www/Projects/starlogo/images commands_patches.gif
2001.07.30 10:51 B E:\starlogo\images\commands_turtles.gif <-- media lab /tmp_mnt/mas/disks/cube6/el/www/Projects/starlogo/images commands_turtles.gif
2001.07.30 10:51 B E:\starlogo\images\CommandsButton.gif <-- media lab /tmp_mnt/mas/disks/cube6/el/www/Projects/starlogo/images CommandsButton.gif
2001.07.30 10:51 B E:\starlogo\images\CommandsRollOver.gif <-- media lab /tmp_mnt/mas/disks/cube6/el/www/Projects/starlogo/images CommandsRollOver.gif
2001.07.30 10:51 B E:\starlogo\images\commandsRollOver.gif-0 <-- media lab /tmp_mnt/mas/disks/cube6/el/www/Projects/starlogo/images commandsRollOver.gif-0
2001.07.30 10:51 B E:\starlogo\images\CommunityButton.gif <-- media lab /tmp_mnt/mas/disks/cube6/el/www/Projects/starlogo/images CommunityButton.gif
2001.07.30 10:51 B E:\starlogo\images\CommunityRollOver.gif <-- media lab /tmp_mnt/mas/disks/cube6/el/www/Projects/starlogo/images CommunityRollOver.gif
2001.07.30 10:51 B E:\starlogo\images\controlflow.gif <-- media lab /tmp_mnt/mas/disks/cube6/el/www/Projects/starlogo/images controlflow.gif
2001.07.30 10:51 B E:\starlogo\images\datatypes.gif <-- media lab /tmp_mnt/mas/disks/cube6/el/www/Projects/starlogo/images datatypes.gif
2001.07.30 10:51 B E:\starlogo\images\displaycommands.gif <-- media lab /tmp_mnt/mas/disks/cube6/el/www/Projects/starlogo/images displaycommands.gif
2001.07.30 10:51 B E:\starlogo\images\DocumentationTitleBar.gif <-- media lab /tmp_mnt/mas/disks/cube6/el/www/Projects/starlogo/images DocumentationTitleBar.gif
2001.07.30 10:51 B E:\starlogo\images\documentationTitleBar.gif-0 <-- media lab /tmp_mnt/mas/disks/cube6/el/www/Projects/starlogo/images documentationTitleBar.gif-0
2001.07.30 10:51 B E:\starlogo\images\DownloadButton.gif <-- media lab /tmp_mnt/mas/disks/cube6/el/www/Projects/starlogo/images DownloadButton.gif
2001.07.30 10:51 B E:\starlogo\images\DownloadRollOver.gif <-- media lab /tmp_mnt/mas/disks/cube6/el/www/Projects/starlogo/images DownloadRollOver.gif
2001.07.30 10:51 B E:\starlogo\images\EndBar.gif <-- media lab /tmp_mnt/mas/disks/cube6/el/www/Projects/starlogo/images EndBar.gif
2001.07.30 10:51 B E:\starlogo\images\FAQButton.gif <-- media lab /tmp_mnt/mas/disks/cube6/el/www/Projects/starlogo/images FAQButton.gif
2001.07.30 10:51 B E:\starlogo\images\FAQRollOver.gif <-- media lab /tmp_mnt/mas/disks/cube6/el/www/Projects/starlogo/images FAQRollOver.gif
2001.07.30 10:51 B E:\starlogo\images\files.gif <-- media lab /tmp_mnt/mas/disks/cube6/el/www/Projects/starlogo/images files.gif
2001.07.30 10:51 B E:\starlogo\images\GettingStartedButton.gif <-- media lab /tmp_mnt/mas/disks/cube6/el/www/Projects/starlogo/images GettingStartedButton.gif
2001.07.30 10:51 B E:\starlogo\images\GettingStartedRollOver.gif <-- media lab /tmp_mnt/mas/disks/cube6/el/www/Projects/starlogo/images GettingStartedRollOver.gif
2001.07.30 10:51 B E:\starlogo\images\InfoButton.gif <-- media lab /tmp_mnt/mas/disks/cube6/el/www/Projects/starlogo/images InfoButton.gif
2001.07.30 10:51 B E:\starlogo\images\InfoRollOver.gif <-- media lab /tmp_mnt/mas/disks/cube6/el/www/Projects/starlogo/images InfoRollOver.gif
2001.07.30 10:51 B E:\starlogo\images\introcommands.gif <-- media lab /tmp_mnt/mas/disks/cube6/el/www/Projects/starlogo/images introcommands.gif
2001.07.30 10:51 B E:\starlogo\images\listcommands.gif <-- media lab /tmp_mnt/mas/disks/cube6/el/www/Projects/starlogo/images listcommands.gif
2001.07.30 10:51 B E:\starlogo\images\mathcommands.gif <-- media lab /tmp_mnt/mas/disks/cube6/el/www/Projects/starlogo/images mathcommands.gif
2001.07.30 10:51 B E:\starlogo\images\other.html <-- media lab /tmp_mnt/mas/disks/cube6/el/www/Projects/starlogo/images other.html
2001.07.30 10:51 B E:\starlogo\images\plottingcommands.gif <-- media lab /tmp_mnt/mas/disks/cube6/el/www/Projects/starlogo/images plottingcommands.gif
2001.07.30 10:51 B E:\starlogo\images\Projects.gif <-- media lab /tmp_mnt/mas/disks/cube6/el/www/Projects/starlogo/images Projects.gif
2001.07.30 10:51 B E:\starlogo\images\ProjectsButton.gif <-- media lab /tmp_mnt/mas/disks/cube6/el/www/Projects/starlogo/images ProjectsButton.gif
2001.07.30 10:51 B E:\starlogo\images\ProjectsRollOver.gif <-- media lab /tmp_mnt/mas/disks/cube6/el/www/Projects/starlogo/images ProjectsRollOver.gif
2001.07.30 10:51 B E:\starlogo\images\projectsRollOver.gif-0 <-- media lab /tmp_mnt/mas/disks/cube6/el/www/Projects/starlogo/images projectsRollOver.gif-0
2001.07.30 10:51 B E:\starlogo\images\RightTitleBar.gif <-- media lab /tmp_mnt/mas/disks/cube6/el/www/Projects/starlogo/images RightTitleBar.gif
2001.07.30 10:51 B E:\starlogo\images\StarLogoDocumentationTitle.gif <-- media lab /tmp_mnt/mas/disks/cube6/el/www/Projects/starlogo/images StarLogoDocumentationTitle.gif
2001.07.30 10:51 B E:\starlogo\images\StarLogoTitle.gif <-- media lab /tmp_mnt/mas/disks/cube6/el/www/Projects/starlogo/images StarLogoTitle.gif
2001.07.30 10:51 B E:\starlogo\images\TurtleBlind.gif <-- media lab /tmp_mnt/mas/disks/cube6/el/www/Projects/starlogo/images TurtleBlind.gif
2001.07.30 10:51 B E:\starlogo\images\turtlecom.gif <-- media lab /tmp_mnt/mas/disks/cube6/el/www/Projects/starlogo/images turtlecom.gif
2001.07.30 10:51 B E:\starlogo\images\turtleengineer.gif <-- media lab /tmp_mnt/mas/disks/cube6/el/www/Projects/starlogo/images turtleengineer.gif
2001.07.30 10:51 B E:\starlogo\images\turtlehelping.gif <-- media lab /tmp_mnt/mas/disks/cube6/el/www/Projects/starlogo/images turtlehelping.gif
2001.07.30 10:51 B E:\starlogo\images\turtlesblind.gif <-- media lab /tmp_mnt/mas/disks/cube6/el/www/Projects/starlogo/images turtlesblind.gif
2001.07.30 10:51 B E:\starlogo\images\turtlesgrid.gif <-- media lab /tmp_mnt/mas/disks/cube6/el/www/Projects/starlogo/images turtlesgrid.gif
2001.07.30 10:51 B E:\starlogo\images\TurtlesScientist.gif <-- media lab /tmp_mnt/mas/disks/cube6/el/www/Projects/starlogo/images TurtlesScientist.gif
2001.07.30 10:51 B E:\starlogo\images\TutorialButton.gif <-- media lab /tmp_mnt/mas/disks/cube6/el/www/Projects/starlogo/images TutorialButton.gif
2001.07.30 10:51 B E:\starlogo\images\TutorialRollOver.gif <-- media lab /tmp_mnt/mas/disks/cube6/el/www/Projects/starlogo/images TutorialRollOver.gif
2001.07.30 10:51 B E:\starlogo\images\variables.gif <-- media lab /tmp_mnt/mas/disks/cube6/el/www/Projects/starlogo/images variables.gif
